<?xml version="1.0" encoding="UTF-8"?>
<!-- Generated by org.testng.reporters.JUnitXMLReporter -->
<testsuite hostname="srinivas" name="Orange_hrms_Test" tests="9" failures="1" timestamp="29 Nov 2016 13:42:28 GMT" time="48.262" errors="0">
  <testcase name="verifyHRMSHomePage" time="0.714" classname="com.orange_hrms.TestHomePage"/>
  <testcase name="verifyLogo" time="0.107" classname="com.orange_hrms.TestHomePage">
    <failure type="org.openqa.selenium.InvalidSelectorException" message="The given selector //img[@src=&amp;apos;/webres_5807100ccf9d88.89058111/themes/default/images/login/logo.png&amp;apos; is either invalid or does not result in a WebElement. The following error occurred:
InvalidSelectorError: Unable to locate an element with the xpath expression //img[@src=&amp;apos;/webres_5807100ccf9d88.89058111/themes/default/images/login/logo.png&amp;apos; because of the following error:
SyntaxError: The expression is not a legal expression.
Command duration or timeout: 41 milliseconds
For documentation on this error, please visit: http://seleniumhq.org/exceptions/invalid_selector_exception.html
Build info: version: &amp;apos;2.45.0&amp;apos;, revision: &amp;apos;5017cb8e7ca8e37638dc3091b2440b90a1d8686f&amp;apos;, time: &amp;apos;2015-02-27 09:10:26&amp;apos;
System info: host: &amp;apos;srinivas&amp;apos;, ip: &amp;apos;192.168.70.1&amp;apos;, os.name: &amp;apos;Windows 8.1&amp;apos;, os.arch: &amp;apos;amd64&amp;apos;, os.version: &amp;apos;6.3&amp;apos;, java.version: &amp;apos;1.8.0_65&amp;apos;
Driver info: org.openqa.selenium.firefox.FirefoxDriver
Capabilities [{applicationCacheEnabled=true, rotatable=false, handlesAlerts=true, databaseEnabled=true, version=32.0, platform=WINDOWS, nativeEvents=false, acceptSslCerts=true, webStorageEnabled=true, locationContextEnabled=true, browserName=firefox, takesScreenshot=true, javascriptEnabled=true, cssSelectorsEnabled=true}]
Session ID: f579192c-2ad4-469c-b3e2-e052f254d894
*** Element info: {Using=xpath, value=//img[@src=&amp;apos;/webres_5807100ccf9d88.89058111/themes/default/images/login/logo.png&amp;apos;}">
      <![CDATA[org.openqa.selenium.InvalidSelectorException: The given selector //img[@src='/webres_5807100ccf9d88.89058111/themes/default/images/login/logo.png' is either invalid or does not result in a WebElement. The following error occurred:
InvalidSelectorError: Unable to locate an element with the xpath expression //img[@src='/webres_5807100ccf9d88.89058111/themes/default/images/login/logo.png' because of the following error:
SyntaxError: The expression is not a legal expression.
Command duration or timeout: 41 milliseconds
For documentation on this error, please visit: http://seleniumhq.org/exceptions/invalid_selector_exception.html
Build info: version: '2.45.0', revision: '5017cb8e7ca8e37638dc3091b2440b90a1d8686f', time: '2015-02-27 09:10:26'
System info: host: 'srinivas', ip: '192.168.70.1', os.name: 'Windows 8.1', os.arch: 'amd64', os.version: '6.3', java.version: '1.8.0_65'
Driver info: org.openqa.selenium.firefox.FirefoxDriver
Capabilities [{applicationCacheEnabled=true, rotatable=false, handlesAlerts=true, databaseEnabled=true, version=32.0, platform=WINDOWS, nativeEvents=false, acceptSslCerts=true, webStorageEnabled=true, locationContextEnabled=true, browserName=firefox, takesScreenshot=true, javascriptEnabled=true, cssSelectorsEnabled=true}]
Session ID: f579192c-2ad4-469c-b3e2-e052f254d894
*** Element info: {Using=xpath, value=//img[@src='/webres_5807100ccf9d88.89058111/themes/default/images/login/logo.png'}
	at org.openqa.selenium.remote.ErrorHandler.createThrowable(ErrorHandler.java:204)
	at org.openqa.selenium.remote.ErrorHandler.throwIfResponseFailed(ErrorHandler.java:156)
	at org.openqa.selenium.remote.RemoteWebDriver.execute(RemoteWebDriver.java:599)
	at org.openqa.selenium.remote.RemoteWebDriver.findElement(RemoteWebDriver.java:352)
	at org.openqa.selenium.remote.RemoteWebDriver.findElementByXPath(RemoteWebDriver.java:449)
	at org.openqa.selenium.By$ByXPath.findElement(By.java:357)
	at org.openqa.selenium.remote.RemoteWebDriver.findElement(RemoteWebDriver.java:344)
	at org.openqa.selenium.support.pagefactory.DefaultElementLocator.findElement(DefaultElementLocator.java:59)
	at org.openqa.selenium.support.pagefactory.internal.LocatingElementHandler.invoke(LocatingElementHandler.java:37)
	at com.sun.proxy.$Proxy8.isDisplayed(Unknown Source)
	at com.page_opjects.HomePage.Logo(HomePage.java:50)
	at com.orange_hrms.TestHomePage.verifyLogo(TestHomePage.java:39)
Caused by: org.openqa.selenium.InvalidSelectorException: The given selector //img[@src='/webres_5807100ccf9d88.89058111/themes/default/images/login/logo.png' is either invalid or does not result in a WebElement. The following error occurred:
InvalidSelectorError: Unable to locate an element with the xpath expression //img[@src='/webres_5807100ccf9d88.89058111/themes/default/images/login/logo.png' because of the following error:
SyntaxError: The expression is not a legal expression.
For documentation on this error, please visit: http://seleniumhq.org/exceptions/invalid_selector_exception.html
Build info: version: '2.45.0', revision: '5017cb8e7ca8e37638dc3091b2440b90a1d8686f', time: '2015-02-27 09:10:26'
System info: host: 'srinivas', ip: '192.168.70.1', os.name: 'Windows 8.1', os.arch: 'amd64', os.version: '6.3', java.version: '1.8.0_65'
Driver info: driver.version: unknown
	at <anonymous class>.FirefoxDriver.annotateInvalidSelectorError_(file:///C:/WINDOWS/TEMP/anonymous7879397725415042978webdriver-profile/extensions/fxdriver@googlecode.com/components/driver-component.js:10245)
	at <anonymous class>.FirefoxDriver.prototype.findElementInternal_(file:///C:/WINDOWS/TEMP/anonymous7879397725415042978webdriver-profile/extensions/fxdriver@googlecode.com/components/driver-component.js:10276)
	at <anonymous class>.FirefoxDriver.prototype.findElement(file:///C:/WINDOWS/TEMP/anonymous7879397725415042978webdriver-profile/extensions/fxdriver@googlecode.com/components/driver-component.js:10280)
	at <anonymous class>.DelayedCommand.prototype.executeInternal_/h(file:///C:/WINDOWS/TEMP/anonymous7879397725415042978webdriver-profile/extensions/fxdriver@googlecode.com/components/command-processor.js:12274)
	at <anonymous class>.DelayedCommand.prototype.executeInternal_(file:///C:/WINDOWS/TEMP/anonymous7879397725415042978webdriver-profile/extensions/fxdriver@googlecode.com/components/command-processor.js:12279)
	at <anonymous class>.DelayedCommand.prototype.execute/<(file:///C:/WINDOWS/TEMP/anonymous7879397725415042978webdriver-profile/extensions/fxdriver@googlecode.com/components/command-processor.js:12221)
... Removed 28 stack frames]]>
    </failure>
  </testcase> <!-- verifyLogo -->
  <testcase name="verifyLoginImmage" time="0.71" classname="com.orange_hrms.TestHomePage"/>
  <testcase name="verifyLinkText" time="0.395" classname="com.orange_hrms.TestHomePage"/>
  <testcase name="verifyLinkedinIcon" time="0.39" classname="com.orange_hrms.TestHomePage"/>
  <testcase name="verifyTwitIcon" time="0.155" classname="com.orange_hrms.TestHomePage"/>
  <testcase name="verifyFacebookIcon" time="0.217" classname="com.orange_hrms.TestHomePage"/>
  <testcase name="verifyYouTubeIcon" time="0.168" classname="com.orange_hrms.TestHomePage"/>
  <testcase name="verfyValidLogin" time="7.331" classname="com.orange_hrms.TestLoginPage"/>
</testsuite> <!-- Orange_hrms_Test -->
