<html>
<head>
<title>TestNG:  Orange_hrms_Test</title>
<link href="../testng.css" rel="stylesheet" type="text/css" />
<link href="../my-testng.css" rel="stylesheet" type="text/css" />

<style type="text/css">
.log { display: none;} 
.stack-trace { display: none;} 
</style>
<script type="text/javascript">
<!--
function flip(e) {
  current = e.style.display;
  if (current == 'block') {
    e.style.display = 'none';
    return 0;
  }
  else {
    e.style.display = 'block';
    return 1;
  }
}

function toggleBox(szDivId, elem, msg1, msg2)
{
  var res = -1;  if (document.getElementById) {
    res = flip(document.getElementById(szDivId));
  }
  else if (document.all) {
    // this is the way old msie versions work
    res = flip(document.all[szDivId]);
  }
  if(elem) {
    if(res == 0) elem.innerHTML = msg1; else elem.innerHTML = msg2;
  }

}

function toggleAllBoxes() {
  if (document.getElementsByTagName) {
    d = document.getElementsByTagName('div');
    for (i = 0; i < d.length; i++) {
      if (d[i].className == 'log') {
        flip(d[i]);
      }
    }
  }
}

// -->
</script>

</head>
<body>
<h2 align='center'>Orange_hrms_Test</h2><table border='1' align="center">
<tr>
<td>Tests passed/Failed/Skipped:</td><td>8/1/0</td>
</tr><tr>
<td>Started on:</td><td>Tue Nov 29 19:11:40 IST 2016</td>
</tr>
<tr><td>Total time:</td><td>48 seconds (48262 ms)</td>
</tr><tr>
<td>Included groups:</td><td></td>
</tr><tr>
<td>Excluded groups:</td><td></td>
</tr>
</table><p/>
<small><i>(Hover the method name to see the test class name)</i></small><p/>
<table width='100%' border='1' class='invocation-failed'>
<tr><td colspan='4' align='center'><b>FAILED TESTS</b></td></tr>
<tr><td><b>Test method</b></td>
<td width="30%"><b>Exception</b></td>
<td width="10%"><b>Time (seconds)</b></td>
<td><b>Instance</b></td>
</tr>
<tr>
<td title='com.orange_hrms.TestHomePage.verifyLogo()'><b>verifyLogo</b><br>Test class: com.orange_hrms.TestHomePage<br/>
<a href="#Output-1394940518" onClick='toggleBox("Output-1394940518", this, "Show output", "Hide output");'>Show output</a>

<a href="#Output-1394940518" onClick="toggleAllBoxes();">Show all outputs</a>
<div class='log' id="Output-1394940518">
onTestFailure executenull<br/>
</div>
</td>
<td><div><pre>org.openqa.selenium.InvalidSelectorException: The given selector //img[@src=&apos;/webres_5807100ccf9d88.89058111/themes/default/images/login/logo.png&apos; is either invalid or does not result in a WebElement. The following error occurred:
InvalidSelectorError: Unable to locate an element with the xpath expression //img[@src=&apos;/webres_5807100ccf9d88.89058111/themes/default/images/login/logo.png&apos; because of the following error:
SyntaxError: The expression is not a legal expression.
Command duration or timeout: 41 milliseconds
For documentation on this error, please visit: http://seleniumhq.org/exceptions/invalid_selector_exception.html
Build info: version: &apos;2.45.0&apos;, revision: &apos;5017cb8e7ca8e37638dc3091b2440b90a1d8686f&apos;, time: &apos;2015-02-27 09:10:26&apos;
System info: host: &apos;srinivas&apos;, ip: &apos;192.168.70.1&apos;, os.name: &apos;Windows 8.1&apos;, os.arch: &apos;amd64&apos;, os.version: &apos;6.3&apos;, java.version: &apos;1.8.0_65&apos;
Driver info: org.openqa.selenium.firefox.FirefoxDriver
Capabilities [{applicationCacheEnabled=true, rotatable=false, handlesAlerts=true, databaseEnabled=true, version=32.0, platform=WINDOWS, nativeEvents=false, acceptSslCerts=true, webStorageEnabled=true, locationContextEnabled=true, browserName=firefox, takesScreenshot=true, javascriptEnabled=true, cssSelectorsEnabled=true}]
Session ID: f579192c-2ad4-469c-b3e2-e052f254d894
*** Element info: {Using=xpath, value=//img[@src=&apos;/webres_5807100ccf9d88.89058111/themes/default/images/login/logo.png&apos;}
	at org.openqa.selenium.remote.ErrorHandler.createThrowable(ErrorHandler.java:204)
	at org.openqa.selenium.remote.ErrorHandler.throwIfResponseFailed(ErrorHandler.java:156)
	at org.openqa.selenium.remote.RemoteWebDriver.execute(RemoteWebDriver.java:599)
	at org.openqa.selenium.remote.RemoteWebDriver.findElement(RemoteWebDriver.java:352)
	at org.openqa.selenium.remote.RemoteWebDriver.findElementByXPath(RemoteWebDriver.java:449)
	at org.openqa.selenium.By$ByXPath.findElement(By.java:357)
	at org.openqa.selenium.remote.RemoteWebDriver.findElement(RemoteWebDriver.java:344)
	at org.openqa.selenium.support.pagefactory.DefaultElementLocator.findElement(DefaultElementLocator.java:59)
	at org.openqa.selenium.support.pagefactory.internal.LocatingElementHandler.invoke(LocatingElementHandler.java:37)
	at com.sun.proxy.$Proxy8.isDisplayed(Unknown Source)
	at com.page_opjects.HomePage.Logo(HomePage.java:50)
	at com.orange_hrms.TestHomePage.verifyLogo(TestHomePage.java:39)
Caused by: org.openqa.selenium.InvalidSelectorException: The given selector //img[@src=&apos;/webres_5807100ccf9d88.89058111/themes/default/images/login/logo.png&apos; is either invalid or does not result in a WebElement. The following error occurred:
InvalidSelectorError: Unable to locate an element with the xpath expression //img[@src=&apos;/webres_5807100ccf9d88.89058111/themes/default/images/login/logo.png&apos; because of the following error:
SyntaxError: The expression is not a legal expression.
For documentation on this error, please visit: http://seleniumhq.org/exceptions/invalid_selector_exception.html
Build info: version: &apos;2.45.0&apos;, revision: &apos;5017cb8e7ca8e37638dc3091b2440b90a1d8686f&apos;, time: &apos;2015-02-27 09:10:26&apos;
System info: host: &apos;srinivas&apos;, ip: &apos;192.168.70.1&apos;, os.name: &apos;Windows 8.1&apos;, os.arch: &apos;amd64&apos;, os.version: &apos;6.3&apos;, java.version: &apos;1.8.0_65&apos;
Driver info: driver.version: unknown
	at &lt;anonymous class&gt;.FirefoxDriver.annotateInvalidSelectorError_(file:///C:/WINDOWS/TEMP/anonymous7879397725415042978webdriver-profile/extensions/fxdriver@googlecode.com/components/driver-component.js:10245)
	at &lt;anonymous class&gt;.FirefoxDriver.prototype.findElementInternal_(file:///C:/WINDOWS/TEMP/anonymous7879397725415042978webdriver-profile/extensions/fxdriver@googlecode.com/components/driver-component.js:10276)
	at &lt;anonymous class&gt;.FirefoxDriver.prototype.findElement(file:///C:/WINDOWS/TEMP/anonymous7879397725415042978webdriver-profile/extensions/fxdriver@googlecode.com/components/driver-component.js:10280)
	at &lt;anonymous class&gt;.DelayedCommand.prototype.executeInternal_/h(file:///C:/WINDOWS/TEMP/anonymous7879397725415042978webdriver-profile/extensions/fxdriver@googlecode.com/components/command-processor.js:12274)
	at &lt;anonymous class&gt;.DelayedCommand.prototype.executeInternal_(file:///C:/WINDOWS/TEMP/anonymous7879397725415042978webdriver-profile/extensions/fxdriver@googlecode.com/components/command-processor.js:12279)
	at &lt;anonymous class&gt;.DelayedCommand.prototype.execute/&lt;(file:///C:/WINDOWS/TEMP/anonymous7879397725415042978webdriver-profile/extensions/fxdriver@googlecode.com/components/command-processor.js:12221)
... Removed 28 stack frames</pre></div><a href='#' onClick='toggleBox("stack-trace1394940518", this, "Click to show all stack frames", "Click to hide stack frames")'>Click to show all stack frames</a>
<div class='stack-trace' id='stack-trace1394940518'><pre>org.openqa.selenium.InvalidSelectorException: The given selector //img[@src=&apos;/webres_5807100ccf9d88.89058111/themes/default/images/login/logo.png&apos; is either invalid or does not result in a WebElement. The following error occurred:
InvalidSelectorError: Unable to locate an element with the xpath expression //img[@src=&apos;/webres_5807100ccf9d88.89058111/themes/default/images/login/logo.png&apos; because of the following error:
SyntaxError: The expression is not a legal expression.
Command duration or timeout: 41 milliseconds
For documentation on this error, please visit: http://seleniumhq.org/exceptions/invalid_selector_exception.html
Build info: version: &apos;2.45.0&apos;, revision: &apos;5017cb8e7ca8e37638dc3091b2440b90a1d8686f&apos;, time: &apos;2015-02-27 09:10:26&apos;
System info: host: &apos;srinivas&apos;, ip: &apos;192.168.70.1&apos;, os.name: &apos;Windows 8.1&apos;, os.arch: &apos;amd64&apos;, os.version: &apos;6.3&apos;, java.version: &apos;1.8.0_65&apos;
Driver info: org.openqa.selenium.firefox.FirefoxDriver
Capabilities [{applicationCacheEnabled=true, rotatable=false, handlesAlerts=true, databaseEnabled=true, version=32.0, platform=WINDOWS, nativeEvents=false, acceptSslCerts=true, webStorageEnabled=true, locationContextEnabled=true, browserName=firefox, takesScreenshot=true, javascriptEnabled=true, cssSelectorsEnabled=true}]
Session ID: f579192c-2ad4-469c-b3e2-e052f254d894
*** Element info: {Using=xpath, value=//img[@src=&apos;/webres_5807100ccf9d88.89058111/themes/default/images/login/logo.png&apos;}
	at sun.reflect.NativeConstructorAccessorImpl.newInstance0(Native Method)
	at sun.reflect.NativeConstructorAccessorImpl.newInstance(NativeConstructorAccessorImpl.java:62)
	at sun.reflect.DelegatingConstructorAccessorImpl.newInstance(DelegatingConstructorAccessorImpl.java:45)
	at java.lang.reflect.Constructor.newInstance(Constructor.java:422)
	at org.openqa.selenium.remote.ErrorHandler.createThrowable(ErrorHandler.java:204)
	at org.openqa.selenium.remote.ErrorHandler.throwIfResponseFailed(ErrorHandler.java:156)
	at org.openqa.selenium.remote.RemoteWebDriver.execute(RemoteWebDriver.java:599)
	at org.openqa.selenium.remote.RemoteWebDriver.findElement(RemoteWebDriver.java:352)
	at org.openqa.selenium.remote.RemoteWebDriver.findElementByXPath(RemoteWebDriver.java:449)
	at org.openqa.selenium.By$ByXPath.findElement(By.java:357)
	at org.openqa.selenium.remote.RemoteWebDriver.findElement(RemoteWebDriver.java:344)
	at org.openqa.selenium.support.pagefactory.DefaultElementLocator.findElement(DefaultElementLocator.java:59)
	at org.openqa.selenium.support.pagefactory.internal.LocatingElementHandler.invoke(LocatingElementHandler.java:37)
	at com.sun.proxy.$Proxy8.isDisplayed(Unknown Source)
	at com.page_opjects.HomePage.Logo(HomePage.java:50)
	at com.orange_hrms.TestHomePage.verifyLogo(TestHomePage.java:39)
	at sun.reflect.NativeMethodAccessorImpl.invoke0(Native Method)
	at sun.reflect.NativeMethodAccessorImpl.invoke(NativeMethodAccessorImpl.java:62)
	at sun.reflect.DelegatingMethodAccessorImpl.invoke(DelegatingMethodAccessorImpl.java:43)
	at java.lang.reflect.Method.invoke(Method.java:497)
	at org.testng.internal.MethodInvocationHelper.invokeMethod(MethodInvocationHelper.java:80)
	at org.testng.internal.Invoker.invokeMethod(Invoker.java:714)
	at org.testng.internal.Invoker.invokeTestMethod(Invoker.java:901)
	at org.testng.internal.Invoker.invokeTestMethods(Invoker.java:1231)
	at org.testng.internal.TestMethodWorker.invokeTestMethods(TestMethodWorker.java:127)
	at org.testng.internal.TestMethodWorker.run(TestMethodWorker.java:111)
	at org.testng.TestRunner.privateRun(TestRunner.java:767)
	at org.testng.TestRunner.run(TestRunner.java:617)
	at org.testng.SuiteRunner.runTest(SuiteRunner.java:334)
	at org.testng.SuiteRunner.runSequentially(SuiteRunner.java:329)
	at org.testng.SuiteRunner.privateRun(SuiteRunner.java:291)
	at org.testng.SuiteRunner.run(SuiteRunner.java:240)
	at org.testng.SuiteRunnerWorker.runSuite(SuiteRunnerWorker.java:52)
	at org.testng.SuiteRunnerWorker.run(SuiteRunnerWorker.java:86)
	at org.testng.TestNG.runSuitesSequentially(TestNG.java:1198)
	at org.testng.TestNG.runSuitesLocally(TestNG.java:1123)
	at org.testng.TestNG.run(TestNG.java:1031)
	at org.testng.remote.AbstractRemoteTestNG.run(AbstractRemoteTestNG.java:126)
	at org.testng.remote.RemoteTestNG.initAndRun(RemoteTestNG.java:152)
	at org.testng.remote.RemoteTestNG.main(RemoteTestNG.java:57)
Caused by: org.openqa.selenium.InvalidSelectorException: The given selector //img[@src=&apos;/webres_5807100ccf9d88.89058111/themes/default/images/login/logo.png&apos; is either invalid or does not result in a WebElement. The following error occurred:
InvalidSelectorError: Unable to locate an element with the xpath expression //img[@src=&apos;/webres_5807100ccf9d88.89058111/themes/default/images/login/logo.png&apos; because of the following error:
SyntaxError: The expression is not a legal expression.
For documentation on this error, please visit: http://seleniumhq.org/exceptions/invalid_selector_exception.html
Build info: version: &apos;2.45.0&apos;, revision: &apos;5017cb8e7ca8e37638dc3091b2440b90a1d8686f&apos;, time: &apos;2015-02-27 09:10:26&apos;
System info: host: &apos;srinivas&apos;, ip: &apos;192.168.70.1&apos;, os.name: &apos;Windows 8.1&apos;, os.arch: &apos;amd64&apos;, os.version: &apos;6.3&apos;, java.version: &apos;1.8.0_65&apos;
Driver info: driver.version: unknown
	at &lt;anonymous class&gt;.FirefoxDriver.annotateInvalidSelectorError_(file:///C:/WINDOWS/TEMP/anonymous7879397725415042978webdriver-profile/extensions/fxdriver@googlecode.com/components/driver-component.js:10245)
	at &lt;anonymous class&gt;.FirefoxDriver.prototype.findElementInternal_(file:///C:/WINDOWS/TEMP/anonymous7879397725415042978webdriver-profile/extensions/fxdriver@googlecode.com/components/driver-component.js:10276)
	at &lt;anonymous class&gt;.FirefoxDriver.prototype.findElement(file:///C:/WINDOWS/TEMP/anonymous7879397725415042978webdriver-profile/extensions/fxdriver@googlecode.com/components/driver-component.js:10280)
	at &lt;anonymous class&gt;.DelayedCommand.prototype.executeInternal_/h(file:///C:/WINDOWS/TEMP/anonymous7879397725415042978webdriver-profile/extensions/fxdriver@googlecode.com/components/command-processor.js:12274)
	at &lt;anonymous class&gt;.DelayedCommand.prototype.executeInternal_(file:///C:/WINDOWS/TEMP/anonymous7879397725415042978webdriver-profile/extensions/fxdriver@googlecode.com/components/command-processor.js:12279)
	at &lt;anonymous class&gt;.DelayedCommand.prototype.execute/&lt;(file:///C:/WINDOWS/TEMP/anonymous7879397725415042978webdriver-profile/extensions/fxdriver@googlecode.com/components/command-processor.js:12221)
</pre></div></td>
<td>0</td>
<td>com.orange_hrms.TestHomePage@77caeb3e</td></tr>
</table><p>
<table width='100%' border='1' class='invocation-passed'>
<tr><td colspan='4' align='center'><b>PASSED TESTS</b></td></tr>
<tr><td><b>Test method</b></td>
<td width="30%"><b>Exception</b></td>
<td width="10%"><b>Time (seconds)</b></td>
<td><b>Instance</b></td>
</tr>
<tr>
<td title='com.orange_hrms.TestLoginPage.verfyValidLogin()'><b>verfyValidLogin</b><br>Test class: com.orange_hrms.TestLoginPage<br/>
<a href="#Output-1134013833" onClick='toggleBox("Output-1134013833", this, "Show output", "Hide output");'>Show output</a>

<a href="#Output-1134013833" onClick="toggleAllBoxes();">Show all outputs</a>
<div class='log' id="Output-1134013833">
onTestSuccess execute null<br/>
</div>
</td>
<td></td>
<td>7</td>
<td>com.orange_hrms.TestLoginPage@7d9d1a19</td></tr>
<tr>
<td title='com.orange_hrms.TestHomePage.verifyFacebookIcon()'><b>verifyFacebookIcon</b><br>Test class: com.orange_hrms.TestHomePage<br/>
<a href="#Output-1217207511" onClick='toggleBox("Output-1217207511", this, "Show output", "Hide output");'>Show output</a>

<a href="#Output-1217207511" onClick="toggleAllBoxes();">Show all outputs</a>
<div class='log' id="Output-1217207511">
onTestSuccess execute null<br/>
</div>
</td>
<td></td>
<td>0</td>
<td>com.orange_hrms.TestHomePage@77caeb3e</td></tr>
<tr>
<td title='com.orange_hrms.TestHomePage.verifyHRMSHomePage()'><b>verifyHRMSHomePage</b><br>Test class: com.orange_hrms.TestHomePage<br/>
<a href="#Output-1097324923" onClick='toggleBox("Output-1097324923", this, "Show output", "Hide output");'>Show output</a>

<a href="#Output-1097324923" onClick="toggleAllBoxes();">Show all outputs</a>
<div class='log' id="Output-1097324923">
onTestSuccess execute null<br/>
</div>
</td>
<td></td>
<td>0</td>
<td>com.orange_hrms.TestHomePage@77caeb3e</td></tr>
<tr>
<td title='com.orange_hrms.TestHomePage.verifyLinkText()'><b>verifyLinkText</b><br>Test class: com.orange_hrms.TestHomePage<br/>
<a href="#Output-1153907750" onClick='toggleBox("Output-1153907750", this, "Show output", "Hide output");'>Show output</a>

<a href="#Output-1153907750" onClick="toggleAllBoxes();">Show all outputs</a>
<div class='log' id="Output-1153907750">
onTestSuccess execute null<br/>
</div>
</td>
<td></td>
<td>0</td>
<td>com.orange_hrms.TestHomePage@77caeb3e</td></tr>
<tr>
<td title='com.orange_hrms.TestHomePage.verifyLinkedinIcon()'><b>verifyLinkedinIcon</b><br>Test class: com.orange_hrms.TestHomePage<br/>
<a href="#Output-2144284609" onClick='toggleBox("Output-2144284609", this, "Show output", "Hide output");'>Show output</a>

<a href="#Output-2144284609" onClick="toggleAllBoxes();">Show all outputs</a>
<div class='log' id="Output-2144284609">
onTestSuccess execute null<br/>
</div>
</td>
<td></td>
<td>0</td>
<td>com.orange_hrms.TestHomePage@77caeb3e</td></tr>
<tr>
<td title='com.orange_hrms.TestHomePage.verifyLoginImmage()'><b>verifyLoginImmage</b><br>Test class: com.orange_hrms.TestHomePage<br/>
<a href="#Output-351877391" onClick='toggleBox("Output-351877391", this, "Show output", "Hide output");'>Show output</a>

<a href="#Output-351877391" onClick="toggleAllBoxes();">Show all outputs</a>
<div class='log' id="Output-351877391">
onTestSuccess execute null<br/>
</div>
</td>
<td></td>
<td>0</td>
<td>com.orange_hrms.TestHomePage@77caeb3e</td></tr>
<tr>
<td title='com.orange_hrms.TestHomePage.verifyTwitIcon()'><b>verifyTwitIcon</b><br>Test class: com.orange_hrms.TestHomePage<br/>
<a href="#Output-1201466784" onClick='toggleBox("Output-1201466784", this, "Show output", "Hide output");'>Show output</a>

<a href="#Output-1201466784" onClick="toggleAllBoxes();">Show all outputs</a>
<div class='log' id="Output-1201466784">
onTestSuccess execute null<br/>
</div>
</td>
<td></td>
<td>0</td>
<td>com.orange_hrms.TestHomePage@77caeb3e</td></tr>
<tr>
<td title='com.orange_hrms.TestHomePage.verifyYouTubeIcon()'><b>verifyYouTubeIcon</b><br>Test class: com.orange_hrms.TestHomePage<br/>
<a href="#Output-220695851" onClick='toggleBox("Output-220695851", this, "Show output", "Hide output");'>Show output</a>

<a href="#Output-220695851" onClick="toggleAllBoxes();">Show all outputs</a>
<div class='log' id="Output-220695851">
onTestSuccess execute null<br/>
</div>
</td>
<td></td>
<td>0</td>
<td>com.orange_hrms.TestHomePage@77caeb3e</td></tr>
</table><p>
</body>
</html>